
**** Build of configuration CPU1_RAM for project I2C-Master ****

"C:\\ti\\ccs1110\\ccs\\utils\\bin\\gmake" -k -j 12 all -O 
 
Building target: "I2C-Master.out"
Invoking: C2000 Linker
"C:/ti/ccs1110/ccs/tools/compiler/ti-cgt-c2000_21.6.0.LTS/bin/cl2000" -v28 -ml -mt --float_support=fpu32 --idiv_support=idiv0 --tmu_support=tmu0 -Ooff --define=DEBUG --define=RAM --diag_suppress=10063 --diag_warning=225 --diag_wrap=off --display_error_number --gen_func_subsections=on --abi=eabi -z -m"I2C-Master.map" --heap_size=0x100 --stack_size=0x200 --warn_sections -i"C:/ti/ccs1110/ccs/tools/compiler/ti-cgt-c2000_21.6.0.LTS/lib" -i"C:/ti/ccs1110/ccs/tools/compiler/ti-cgt-c2000_21.6.0.LTS/include" --reread_libs --diag_wrap=off --display_error_number --xml_link_info="I2C-Master_linkInfo.xml" --entry_point=code_start --rom_model -o "I2C-Master.out" "./I2CMaster.obj" "./i2cLib_FIFO_master_slave_interrupt.obj" "./device/device.obj" "./device/f28002x_codestartbranch.obj" "../28002x_generic_ram_lnk.cmd" "C:/ti/C2000Ware_4_00_00_00/driverlib/f28002x/driverlib/ccs/Debug/driverlib.lib"  -llibc.a 
<Linking>
 
 undefined     first referenced
  symbol           in file     
 ---------     ----------------
 I2C_GPIO_init ./I2CMaster.obj 
 I2Cinit       ./I2CMaster.obj 
 i2cBFIFOISR   ./I2CMaster.obj 
 i2cBISR       ./I2CMaster.obj 
 
error #10234-D: unresolved symbols remain
error #10010: errors encountered during linking; "I2C-Master.out" not built
 
>> Compilation failure
makefile:147: recipe for target 'I2C-Master.out' failed
gmake[1]: *** [I2C-Master.out] Error 1
makefile:143: recipe for target 'all' failed
gmake: *** [all] Error 2

**** Build Finished ****
