
**** Build of configuration CPU1_RAM for project i2c_ex5_master_slave_interrupt ****

"C:\\ti\\ccs1110\\ccs\\utils\\bin\\gmake" -k -j 12 all -O 
 
Building file: "../device/f28002x_codestartbranch.asm"
Invoking: C2000 Compiler
"C:/ti/ccs1110/ccs/tools/compiler/ti-cgt-c2000_21.6.0.LTS/bin/cl2000" -v28 -ml -mt --float_support=fpu32 --idiv_support=idiv0 --tmu_support=tmu0 -Ooff --include_path="C:/Users/noelp/workspace_v11/i2c_ex5_master_slave_interrupt" --include_path="C:/Users/noelp/workspace_v11/i2c_ex5_master_slave_interrupt/device" --include_path="C:/ti/C2000Ware_4_00_00_00/driverlib/f28002x/driverlib" --include_path="C:/ti/ccs1110/ccs/tools/compiler/ti-cgt-c2000_21.6.0.LTS/include" --define=DEBUG --define=RAM --diag_suppress=10063 --diag_warning=225 --diag_wrap=off --display_error_number --gen_func_subsections=on --abi=eabi --preproc_with_compile --preproc_dependency="device/f28002x_codestartbranch.d_raw" --include_path="C:/Users/noelp/workspace_v11/i2c_ex5_master_slave_interrupt/CPU1_RAM/syscfg" --obj_directory="device"  "../device/f28002x_codestartbranch.asm"
Finished building: "../device/f28002x_codestartbranch.asm"
 
Building file: "../device/device.c"
Invoking: C2000 Compiler
"C:/ti/ccs1110/ccs/tools/compiler/ti-cgt-c2000_21.6.0.LTS/bin/cl2000" -v28 -ml -mt --float_support=fpu32 --idiv_support=idiv0 --tmu_support=tmu0 -Ooff --include_path="C:/Users/noelp/workspace_v11/i2c_ex5_master_slave_interrupt" --include_path="C:/Users/noelp/workspace_v11/i2c_ex5_master_slave_interrupt/device" --include_path="C:/ti/C2000Ware_4_00_00_00/driverlib/f28002x/driverlib" --include_path="C:/ti/ccs1110/ccs/tools/compiler/ti-cgt-c2000_21.6.0.LTS/include" --define=DEBUG --define=RAM --diag_suppress=10063 --diag_warning=225 --diag_wrap=off --display_error_number --gen_func_subsections=on --abi=eabi --preproc_with_compile --preproc_dependency="device/device.d_raw" --include_path="C:/Users/noelp/workspace_v11/i2c_ex5_master_slave_interrupt/CPU1_RAM/syscfg" --obj_directory="device"  "../device/device.c"
Finished building: "../device/device.c"
 
Building file: "../i2c_ex5_master_slave_interrupt.c"
Invoking: C2000 Compiler
"C:/ti/ccs1110/ccs/tools/compiler/ti-cgt-c2000_21.6.0.LTS/bin/cl2000" -v28 -ml -mt --float_support=fpu32 --idiv_support=idiv0 --tmu_support=tmu0 -Ooff --include_path="C:/Users/noelp/workspace_v11/i2c_ex5_master_slave_interrupt" --include_path="C:/Users/noelp/workspace_v11/i2c_ex5_master_slave_interrupt/device" --include_path="C:/ti/C2000Ware_4_00_00_00/driverlib/f28002x/driverlib" --include_path="C:/ti/ccs1110/ccs/tools/compiler/ti-cgt-c2000_21.6.0.LTS/include" --define=DEBUG --define=RAM --diag_suppress=10063 --diag_warning=225 --diag_wrap=off --display_error_number --gen_func_subsections=on --abi=eabi --preproc_with_compile --preproc_dependency="i2c_ex5_master_slave_interrupt.d_raw" --include_path="C:/Users/noelp/workspace_v11/i2c_ex5_master_slave_interrupt/CPU1_RAM/syscfg"  "../i2c_ex5_master_slave_interrupt.c"
Finished building: "../i2c_ex5_master_slave_interrupt.c"
 
Building file: "../i2cLib_FIFO_master_slave_interrupt.c"
Invoking: C2000 Compiler
"C:/ti/ccs1110/ccs/tools/compiler/ti-cgt-c2000_21.6.0.LTS/bin/cl2000" -v28 -ml -mt --float_support=fpu32 --idiv_support=idiv0 --tmu_support=tmu0 -Ooff --include_path="C:/Users/noelp/workspace_v11/i2c_ex5_master_slave_interrupt" --include_path="C:/Users/noelp/workspace_v11/i2c_ex5_master_slave_interrupt/device" --include_path="C:/ti/C2000Ware_4_00_00_00/driverlib/f28002x/driverlib" --include_path="C:/ti/ccs1110/ccs/tools/compiler/ti-cgt-c2000_21.6.0.LTS/include" --define=DEBUG --define=RAM --diag_suppress=10063 --diag_warning=225 --diag_wrap=off --display_error_number --gen_func_subsections=on --abi=eabi --preproc_with_compile --preproc_dependency="i2cLib_FIFO_master_slave_interrupt.d_raw" --include_path="C:/Users/noelp/workspace_v11/i2c_ex5_master_slave_interrupt/CPU1_RAM/syscfg"  "../i2cLib_FIFO_master_slave_interrupt.c"
Finished building: "../i2cLib_FIFO_master_slave_interrupt.c"
 
Building target: "i2c_ex5_master_slave_interrupt.out"
Invoking: C2000 Linker
"C:/ti/ccs1110/ccs/tools/compiler/ti-cgt-c2000_21.6.0.LTS/bin/cl2000" -v28 -ml -mt --float_support=fpu32 --idiv_support=idiv0 --tmu_support=tmu0 -Ooff --define=DEBUG --define=RAM --diag_suppress=10063 --diag_warning=225 --diag_wrap=off --display_error_number --gen_func_subsections=on --abi=eabi -z -m"i2c_ex5_master_slave_interrupt.map" --heap_size=0x100 --stack_size=0x200 --warn_sections -i"C:/ti/ccs1110/ccs/tools/compiler/ti-cgt-c2000_21.6.0.LTS/lib" -i"C:/ti/ccs1110/ccs/tools/compiler/ti-cgt-c2000_21.6.0.LTS/include" --reread_libs --diag_wrap=off --display_error_number --xml_link_info="i2c_ex5_master_slave_interrupt_linkInfo.xml" --entry_point=code_start --rom_model -o "i2c_ex5_master_slave_interrupt.out" "./i2cLib_FIFO_master_slave_interrupt.obj" "./i2c_ex5_master_slave_interrupt.obj" "./device/device.obj" "./device/f28002x_codestartbranch.obj" "../28002x_generic_ram_lnk.cmd" "C:/ti/C2000Ware_4_00_00_00/driverlib/f28002x/driverlib/ccs/Debug/driverlib.lib"  -llibc.a 
<Linking>
Finished building target: "i2c_ex5_master_slave_interrupt.out"
 
if 0 == 1  mkdir "C:/Users/noelp/workspace_v11/i2c_ex5_master_slave_interrupt/CPU1_RAM/simulation"
if 0 == 1  C:/TDM-GCC-64/bin/g++  -c -DCLB_SIM -IC:/ti/C2000Ware_4_00_00_00/utilities/clb_tool/clb_syscfg/systemc-2.3.3/src -IC:/ti/C2000Ware_4_00_00_00/utilities/clb_tool/clb_syscfg/systemc/include/type3 -IC:/Users/noelp/workspace_v11/i2c_ex5_master_slave_interrupt -IC:/TDM-GCC-64/bin/include -Og -g -gdwarf-3 -gstrict-dwarf -Wall -MMD -MP -MFC:/Users/noelp/workspace_v11/i2c_ex5_master_slave_interrupt/CPU1_RAM/simulation/clb_sim.d -MTC:/Users/noelp/workspace_v11/i2c_ex5_master_slave_interrupt/CPU1_RAM/simulation/clb_sim.o -IC:/Users/noelp/workspace_v11/i2c_ex5_master_slave_interrupt/CPU1_RAM/syscfg   -fno-threadsafe-statics  -oC:/Users/noelp/workspace_v11/i2c_ex5_master_slave_interrupt/CPU1_RAM/simulation/clb_sim.o C:/Users/noelp/workspace_v11/i2c_ex5_master_slave_interrupt/CPU1_RAM/syscfg/clb_sim.cpp
if 0 == 1  C:/TDM-GCC-64/bin/g++ -DCLB_SIM -Og -g -gdwarf-3 -gstrict-dwarf -Wall -Wl,-Map,C:/Users/noelp/workspace_v11/i2c_ex5_master_slave_interrupt/CPU1_RAM/simulation/simulation_output.map -LC:/ti/C2000Ware_4_00_00_00/utilities/clb_tool/clb_syscfg/systemc-2.3.3/build/src -oC:/Users/noelp/workspace_v11/i2c_ex5_master_slave_interrupt/CPU1_RAM/simulation/simulation_output.exe C:/Users/noelp/workspace_v11/i2c_ex5_master_slave_interrupt/CPU1_RAM/simulation/clb_sim.o C:/ti/C2000Ware_4_00_00_00/utilities/clb_tool/clb_syscfg/systemc/src/type3/CLB_FSM_SC_model.o C:/ti/C2000Ware_4_00_00_00/utilities/clb_tool/clb_syscfg/systemc/src/type3/CLB_HLC_SC_model.o C:/ti/C2000Ware_4_00_00_00/utilities/clb_tool/clb_syscfg/systemc/src/type3/CLB_LUT4_SC_model.o C:/ti/C2000Ware_4_00_00_00/utilities/clb_tool/clb_syscfg/systemc/src/type3/CLB_OutputLUT_SC_model.o C:/ti/C2000Ware_4_00_00_00/utilities/clb_tool/clb_syscfg/systemc/src/type3/CLB_counter_SC_model.o C:/ti/C2000Ware_4_00_00_00/utilities/clb_tool/clb_syscfg/systemc/src/type3/CLB_counter_top_SC_model.o C:/ti/C2000Ware_4_00_00_00/utilities/clb_tool/clb_syscfg/systemc/src/type3/CLB_FSM_top_SC_model.o C:/ti/C2000Ware_4_00_00_00/utilities/clb_tool/clb_syscfg/systemc/src/type3/CLB_LUT4_top_SC_model.o C:/ti/C2000Ware_4_00_00_00/utilities/clb_tool/clb_syscfg/systemc/src/type3/CLB_OutputLUT_top_SC_model.o  -Wl,--start-group -lsystemc -Wl,--end-group
if 0 == 1  "./simulation/simulation_output.exe"
if 0 == 1  C:/ti/ccs1110/ccs/tools/node/node.exe "C:/ti/C2000Ware_4_00_00_00/utilities/clb_tool/clb_syscfg/dot_file_libraries/clbDotUtility.js"  "C:/ti/C2000Ware_4_00_00_00/utilities/clb_tool/clb_syscfg/" "C:/Users/noelp/workspace_v11/i2c_ex5_master_slave_interrupt/CPU1_RAM/syscfg" "C:/Users/noelp/workspace_v11/i2c_ex5_master_slave_interrupt/CPU1_RAM/syscfg/clb.dot"
 

**** Build Finished ****
