
**** Build of configuration CPU1_RAM for project PruebaSemana1_I2C ****

"C:\\ti\\ccs1110\\ccs\\utils\\bin\\gmake" -k -j 12 all -O 
 
Building file: "../device/f28002x_codestartbranch.asm"
Invoking: C2000 Compiler
"C:/ti/ccs1110/ccs/tools/compiler/ti-cgt-c2000_21.6.0.LTS/bin/cl2000" -v28 -ml -mt --float_support=fpu32 --idiv_support=idiv0 --tmu_support=tmu0 -Ooff --include_path="C:/Users/noelp/workspace_v11/PruebaSemana1_I2C" --include_path="C:/Users/noelp/workspace_v11/PruebaSemana1_I2C/device" --include_path="C:/ti/C2000Ware_4_00_00_00/driverlib/f28002x/driverlib" --include_path="C:/ti/ccs1110/ccs/tools/compiler/ti-cgt-c2000_21.6.0.LTS/include" --define=DEBUG --define=RAM --diag_suppress=10063 --diag_warning=225 --diag_wrap=off --display_error_number --gen_func_subsections=on --abi=eabi --preproc_with_compile --preproc_dependency="device/f28002x_codestartbranch.d_raw" --include_path="C:/Users/noelp/workspace_v11/PruebaSemana1_I2C/CPU1_RAM/syscfg" --obj_directory="device"  "../device/f28002x_codestartbranch.asm"
Finished building: "../device/f28002x_codestartbranch.asm"
 
Building file: "../ProbandoI2C.c"
Invoking: C2000 Compiler
"C:/ti/ccs1110/ccs/tools/compiler/ti-cgt-c2000_21.6.0.LTS/bin/cl2000" -v28 -ml -mt --float_support=fpu32 --idiv_support=idiv0 --tmu_support=tmu0 -Ooff --include_path="C:/Users/noelp/workspace_v11/PruebaSemana1_I2C" --include_path="C:/Users/noelp/workspace_v11/PruebaSemana1_I2C/device" --include_path="C:/ti/C2000Ware_4_00_00_00/driverlib/f28002x/driverlib" --include_path="C:/ti/ccs1110/ccs/tools/compiler/ti-cgt-c2000_21.6.0.LTS/include" --define=DEBUG --define=RAM --diag_suppress=10063 --diag_warning=225 --diag_wrap=off --display_error_number --gen_func_subsections=on --abi=eabi --preproc_with_compile --preproc_dependency="ProbandoI2C.d_raw" --include_path="C:/Users/noelp/workspace_v11/PruebaSemana1_I2C/CPU1_RAM/syscfg"  "../ProbandoI2C.c"
 
>> Compilation failure
subdir_rules.mk:9: recipe for target 'ProbandoI2C.obj' failed
"../ProbandoI2C.c", line 8: fatal error #1965: cannot open source file "i2cLib_FIFO_master_slave_interrupt.h"
1 catastrophic error detected in the compilation of "../ProbandoI2C.c".
Compilation terminated.
gmake: *** [ProbandoI2C.obj] Error 1
Building file: "../device/device.c"
Invoking: C2000 Compiler
"C:/ti/ccs1110/ccs/tools/compiler/ti-cgt-c2000_21.6.0.LTS/bin/cl2000" -v28 -ml -mt --float_support=fpu32 --idiv_support=idiv0 --tmu_support=tmu0 -Ooff --include_path="C:/Users/noelp/workspace_v11/PruebaSemana1_I2C" --include_path="C:/Users/noelp/workspace_v11/PruebaSemana1_I2C/device" --include_path="C:/ti/C2000Ware_4_00_00_00/driverlib/f28002x/driverlib" --include_path="C:/ti/ccs1110/ccs/tools/compiler/ti-cgt-c2000_21.6.0.LTS/include" --define=DEBUG --define=RAM --diag_suppress=10063 --diag_warning=225 --diag_wrap=off --display_error_number --gen_func_subsections=on --abi=eabi --preproc_with_compile --preproc_dependency="device/device.d_raw" --include_path="C:/Users/noelp/workspace_v11/PruebaSemana1_I2C/CPU1_RAM/syscfg" --obj_directory="device"  "../device/device.c"
Finished building: "../device/device.c"
 
gmake: Target 'all' not remade because of errors.

**** Build Finished ****
